\BOOKMARK [1][-]{section.1}{\376\377\000I\000n\000t\000r\000o\000d\000u\000c\000t\000i\000o\000n}{}% 1
\BOOKMARK [1][-]{section.2}{\376\377\000O\000u\000t\000l\000i\000n\000e}{}% 2
\BOOKMARK [1][-]{section.3}{\376\377\000T\000w\000o\000\040\000M\000a\000i\000n\000\040\000D\000a\000t\000a\000s\000e\000t\000s}{}% 3
\BOOKMARK [2][-]{subsection.3.1}{\376\377\000E\000m\000h\000i\000r\000e\000s\000\040\000D\000a\000t\000a\000s\000e\000t}{section.3}% 4
\BOOKMARK [3][-]{subsubsection.3.1.1}{\376\377\000T\000e\000r\000r\000i\000t\000o\000r\000i\000e\000s\000\040\000a\000n\000d\000\040\000T\000i\000m\000e\000\040\000P\000e\000r\000i\000o\000d\000s\000\040\000C\000o\000v\000e\000r\000e\000d\000\040\000b\000y\000\040\000t\000h\000e\000\040\000E\000M\000H\000I\000R\000E\000S\000\040\000D\000a\000t\000a\000s\000e\000t}{subsection.3.1}% 5
\BOOKMARK [3][-]{subsubsection.3.1.2}{\376\377\000C\000o\000u\000n\000t\000r\000i\000e\000s\000\040\000I\000n\000c\000l\000u\000d\000e\000d\000\040\000i\000n\000\040\000t\000h\000e\000\040\000D\000a\000t\000a\000s\000e\000t}{subsection.3.1}% 6
\BOOKMARK [3][-]{subsubsection.3.1.3}{\376\377\000D\000e\000t\000a\000i\000l\000s\000\040\000o\000n\000\040\000H\000o\000w\000\040\000E\000M\000H\000I\000R\000E\000S\000\040\000D\000a\000t\000a\000\040\000W\000a\000s\000\040\000C\000o\000l\000l\000e\000c\000t\000e\000d}{subsection.3.1}% 7
\BOOKMARK [3][-]{subsubsection.3.1.4}{\376\377\000H\000o\000w\000\040\000D\000a\000t\000a\000\040\000i\000s\000\040\000S\000t\000r\000u\000c\000t\000u\000r\000e\000d\000\040\000i\000n\000\040\000E\000M\000H\000I\000R\000E\000S}{subsection.3.1}% 8
\BOOKMARK [2][-]{subsection.3.2}{\376\377\000M\000o\000n\000t\000h\000l\000y\000\040\000E\000l\000e\000c\000t\000r\000i\000c\000i\000t\000y\000\040\000S\000t\000a\000t\000i\000s\000t\000i\000c\000s}{section.3}% 9
\BOOKMARK [3][-]{subsubsection.3.2.1}{\376\377\000D\000a\000t\000a\000s\000e\000t\000\040\000F\000e\000a\000t\000u\000r\000e\000s}{subsection.3.2}% 10
\BOOKMARK [3][-]{subsubsection.3.2.2}{\376\377\000D\000a\000t\000a\000s\000e\000t\000\040\000S\000t\000a\000t\000i\000s\000t\000i\000c\000s}{subsection.3.2}% 11
\BOOKMARK [1][-]{section.4}{\376\377\000O\000t\000h\000e\000r\000\040\000D\000a\000t\000a\000s\000e\000t\000s}{}% 12
\BOOKMARK [2][-]{subsection.4.1}{\376\377\000W\000o\000r\000l\000d\000\040\000W\000e\000a\000t\000h\000e\000r\000\040\000R\000e\000p\000o\000s\000i\000t\000o\000r\000y}{section.4}% 13
\BOOKMARK [2][-]{subsection.4.2}{\376\377\000N\000o\000r\000w\000a\000y\000\040\000m\000e\000t\000e\000o\000r\000o\000l\000o\000g\000i\000c\000a\000l\000\040\000d\000a\000t\000a}{section.4}% 14
\BOOKMARK [1][-]{section.5}{\376\377\000C\000l\000e\000a\000n\000i\000n\000g\000\040\000a\000n\000d\000\040\000A\000n\000a\000l\000y\000s\000i\000s}{}% 15
\BOOKMARK [1][-]{section.6}{\376\377\000M\000o\000d\000e\000l\000s}{}% 16
\BOOKMARK [2][-]{subsection.6.1}{\376\377\000E\000M\000H\000I\000R\000E\000S\000\040\000M\000o\000d\000e\000l}{section.6}% 17
\BOOKMARK [2][-]{subsection.6.2}{\376\377\000I\000E\000A\000\040\000M\000o\000n\000t\000h\000l\000y\000\040\000E\000l\000e\000c\000t\000r\000i\000c\000i\000t\000y\000\040\000S\000t\000a\000t\000i\000s\000t\000i\000c\000s}{section.6}% 18
\BOOKMARK [2][-]{subsection.6.3}{\376\377\000M\000i\000x\000e\000d\000\040\000M\000o\000d\000e\000l}{section.6}% 19
\BOOKMARK [1][-]{section.7}{\376\377\000C\000o\000n\000c\000l\000u\000s\000i\000o\000n}{}% 20
